<?xml version="1.0" encoding="UTF-8" standalone="no"?>
<!DOCTYPE log SYSTEM "logger.dtd">
<log>
<record>
  <date>2020-10-16T00:12:04.823-0300</date>
  <logger>PAULO PABLO PORTO DE ASSIS</logger>
  <level>FINE</level>
  <message>File 118110355-PAULO PABLO PORTO DE ASSIS.zip was received. It was sent by PAULO PABLO PORTO DE ASSIS from IP 192.168.25.10 at 16-10-2020 00*12*04</message>
</record>
</log>
<?xml version="1.0" encoding="UTF-8" standalone="no"?>
<!DOCTYPE log SYSTEM "logger.dtd">
<log>
<record>
  <date>2020-10-18T21:06:18.085-0300</date>
  <logger>PAULO PABLO PORTO DE ASSIS</logger>
  <level>FINE</level>
  <message>File 118110355-PAULO PABLO PORTO DE ASSIS.zip was received. It was sent by PAULO PABLO PORTO DE ASSIS from IP 192.168.25.10 at 18-10-2020 21*06*11</message>
</record>
</log>
<?xml version="1.0" encoding="UTF-8" standalone="no"?>
<!DOCTYPE log SYSTEM "logger.dtd">
<log>
<record>
  <date>2020-10-18T23:33:49.522-0300</date>
  <logger>PAULO PABLO PORTO DE ASSIS</logger>
  <level>FINE</level>
  <message>File 118110355-PAULO PABLO PORTO DE ASSIS.zip was received. It was sent by PAULO PABLO PORTO DE ASSIS from IP 192.168.25.10 at 18-10-2020 23*33*49</message>
</record>
